$ tsc --noEmit
src/components/auth/login-form.tsx(50,32): error TS2322: Type '{}' is not assignable to type 'ParamsReducerFn<unknown, "SEARCH", string, "/app">'.
  Type '{}' provides no match for the signature '(current: never): never'.
src/components/auth/signup-form.tsx(60,32): error TS2322: Type '{}' is not assignable to type 'ParamsReducerFn<unknown, "SEARCH", string, "/app">'.
  Type '{}' provides no match for the signature '(current: never): never'.
src/components/lazy-loading.tsx(6,20): error TS1484: 'ComponentType' is a type and must be imported using a type-only import when 'verbatimModuleSyntax' is enabled.
src/components/ui/toaster.tsx(3,26): error TS2307: Cannot find module '@/hooks/use-toast' or its corresponding type declarations.
src/components/ui/toaster.tsx(18,31): error TS7031: Binding element 'id' implicitly has an 'any' type.
src/components/ui/toaster.tsx(18,35): error TS7031: Binding element 'title' implicitly has an 'any' type.
